<?xml version="1.0" encoding="UTF-8"?>
<testsuite name="FileParserTest" tests="5" skipped="0" failures="0" errors="0" timestamp="2023-09-26T23:58:14" hostname="MYLESLAPTOP" time="0.198">
  <properties/>
  <testcase name="TestRestart" classname="FileParserTest" time="0.06"/>
  <testcase name="ReadSingleStringFromFile" classname="FileParserTest" time="0.014"/>
  <testcase name="ReadMultipleStringFromFile" classname="FileParserTest" time="0.061"/>
  <testcase name="AddMultipleStrings" classname="FileParserTest" time="0.044"/>
  <testcase name="AddString" classname="FileParserTest" time="0.017"/>
  <system-out><![CDATA[]]></system-out>
  <system-err><![CDATA[]]></system-err>
</testsuite>
