<?xml version="1.0" encoding="UTF-8"?>
<testsuite name="ClientTest" tests="3" skipped="0" failures="0" errors="0" timestamp="2023-09-26T23:58:07" hostname="MYLESLAPTOP" time="2.524">
  <properties/>
  <testcase name="connectAndRequest" classname="ClientTest" time="0.996"/>
  <testcase name="connect" classname="ClientTest" time="1.526"/>
  <testcase name="messageAndResponse" classname="ClientTest" time="0.002"/>
  <system-out><![CDATA[]]></system-out>
  <system-err><![CDATA[]]></system-err>
</testsuite>
