<?xml version="1.0" encoding="UTF-8"?>
<testsuite name="ContentServerTest" tests="3" skipped="0" failures="0" errors="0" timestamp="2023-09-26T23:58:09" hostname="MYLESLAPTOP" time="4.345">
  <properties/>
  <testcase name="MultipleStrings" classname="ContentServerTest" time="1.617"/>
  <testcase name="MultipleInts" classname="ContentServerTest" time="1.106"/>
  <testcase name="SendName" classname="ContentServerTest" time="1.622"/>
  <system-out><![CDATA[]]></system-out>
  <system-err><![CDATA[]]></system-err>
</testsuite>
