<?xml version="1.0" encoding="UTF-8"?>
<testsuite name="test.ScaleTest" tests="1" skipped="0" failures="0" errors="0" timestamp="2023-11-08T03:32:27" hostname="MYLESLAPTOP" time="7.284">
  <properties/>
  <testcase name="ThreeClientsProposal" classname="test.ScaleTest" time="7.284"/>
  <system-out><![CDATA[Connecting to server
Starting to accept client connections
Accepting new client
Setting up client with ID 1
Starting to accept client connections
Acting as proposer
Connecting to server
Accepting new client
Setting up client with ID 2
Acting as acceptor
Starting to accept client connections
Connecting to server
Accepting new client
Setting up client with ID 3
Acting as acceptor
M3 handling prepare from M1
M2 handling prepare from M1
M1 Handling not connected
M1 Handling not connected
M1 Handling not connected
M1 Handling not connected
M1 Handling not connected
M1 Handling not connected
M1 Handling promise from M2
M1 Handling promise from M3
M1 Received replies from 3 other members
M2 handling propose from M1
M3 handling propose from M1
M1 Handling accept from M2
M1 Handling accept from M3
M1 Received replies from 3 other members
Client M3 committed value: ThreeClients
Client M2 committed value: ThreeClients
Client M1 committed value: ThreeClients
]]></system-out>
  <system-err><![CDATA[]]></system-err>
</testsuite>
