<?xml version="1.0" encoding="UTF-8"?>
<testsuite name="SingleClientTest" tests="2" skipped="1" failures="0" errors="0" timestamp="2023-07-29T11:00:59" hostname="MYLESLAPTOP" time="0.589">
  <properties/>
  <testcase name="emptiness" classname="SingleClientTest" time="0.075"/>
  <testcase name="pushAndPop2" classname="SingleClientTest" time="0.514">
    <skipped/>
  </testcase>
  <system-out><![CDATA[]]></system-out>
  <system-err><![CDATA[]]></system-err>
</testsuite>
