<?xml version="1.0" encoding="UTF-8"?>
<testsuite name="HTTPParserTest" tests="1" skipped="0" failures="0" errors="0" timestamp="2023-09-28T08:42:42" hostname="MYLESLAPTOP" time="0.001">
  <properties/>
  <testcase name="runAll" classname="HTTPParserTest" time="0.001"/>
  <system-out><![CDATA[java.lang.Exception: HP400: Not a route
java.lang.Exception: HP503: Incorrect request format, needs user agent
java.lang.Exception: HP503: Incorrect request format, needs lamport time
]]></system-out>
  <system-err><![CDATA[]]></system-err>
</testsuite>
