<?xml version="1.0" encoding="UTF-8"?>
<testsuite name="test.scenarios.M1andM2Propose" tests="1" skipped="0" failures="0" errors="0" timestamp="2023-11-08T03:32:43" hostname="MYLESLAPTOP" time="8.592">
  <properties/>
  <testcase name="runTest" classname="test.scenarios.M1andM2Propose" time="8.592"/>
  <system-out><![CDATA[Connecting to server
Connecting to server
Connecting to server
Connecting to server
Connecting to server
Using input port
Connecting to server
Connecting to server
Server is listening on port 1379
New client connected
Setting up client with ID 4
Acting as acceptor
New client connected
Setting up client with ID 8
Acting as acceptor
Connecting to server
Connecting to server
New client connected
Setting up client with ID 3
Acting as acceptor
New client connected
Setting up client with ID 7
Acting as acceptor
New client connected
Setting up client with ID 6
Acting as acceptor
New client connected
Setting up client with ID 5
Acting as acceptor
New client connected
Setting up client with ID 9
Acting as acceptor
New client connected
Setting up client with ID 2
Acting as proposer
New client connected
Setting up client with ID 1
Acting as proposer
M6 handling prepare from M2
M3 handling prepare from M2
M7 handling prepare from M2
M4 handling prepare from M2
M5 handling prepare from M2
M8 handling prepare from M2
M9 handling prepare from M2
M9 handling prepare from M1
M8 handling prepare from M1
M7 handling prepare from M1
M7 handling prepare from M1
M7 handling prepare from M1
M6 handling prepare from M1
M3 handling prepare from M1
M5 handling prepare from M1
M4 handling prepare from M1
M2 Handling promise from M3
M2 Handling promise from M7
M2 Handling promise from M6
M2 Handling promise from M5
M2 Handling promise from M4
M2 Handling promise from M9
M2 Handling promise from M8
M2 Received replies from 8 other members
M8 handling propose from M2
M8 Ignoring old proposal from M2
M9 handling propose from M2
M9 Ignoring old proposal from M2
M3 handling propose from M2
M3 Ignoring old proposal from M2
M6 handling propose from M2
M6 Ignoring old proposal from M2
M7 handling propose from M2
M7 Ignoring old proposal from M2
M5 handling propose from M2
M5 Ignoring old proposal from M2
M4 handling propose from M2
M4 Ignoring old proposal from M2
M1 Handling promise from M9
M1 Handling promise from M8
M1 Handling promise from M7
M1 Handling promise from M7
M1 Handling promise from M7
M1 Handling promise from M3
M1 Handling promise from M6
M1 Handling promise from M5
M1 Handling promise from M4
M1 Received replies from 8 other members
M9 handling propose from M1
M8 handling propose from M1
M6 handling propose from M1
M7 handling propose from M1
M3 handling propose from M1
M3 handling propose from M1
M5 handling propose from M1
M4 handling propose from M1
M4 handling propose from M1
M2 Received replies from 1 other members
M2 Failed prepare, will retry value M2IsPresident with higher ID - 2
M9 handling prepare from M2
M7 handling prepare from M2
M6 handling prepare from M2
M3 handling prepare from M2
M5 handling prepare from M2
M4 handling prepare from M2
M1 Handling accept from M9
M1 Handling accept from M8
M1 Handling accept from M3
M1 Handling accept from M3
M1 Handling accept from M6
M1 Handling accept from M7
M1 Handling accept from M5
M1 Handling accept from M4
M1 Handling accept from M4
M1 Received replies from 8 other members
M8 handling prepare from M2
Client M3 committed value: M1IsPresident
Client M6 committed value: M1IsPresident
Client M7 committed value: M1IsPresident
Client M4 committed value: M1IsPresident
Client M5 committed value: M1IsPresident
Client M8 committed value: M1IsPresident
Client M9 committed value: M1IsPresident
M2 Handling promise from M9
M2 changed to propose new value from M9 : M1IsPresident
M2 Handling promise from M7
M2 Handling promise from M6
M2 Handling promise from M3
M2 Handling promise from M4
M2 Handling promise from M5
M2 Handling promise from M8
M2 Received replies from 1 other members
M2 Failed prepare, will retry value M1IsPresident with higher ID - 3
Client M2 committed value: M1IsPresident
Client M1 committed value: M1IsPresident
]]></system-out>
  <system-err><![CDATA[]]></system-err>
</testsuite>
