<?xml version="1.0" encoding="UTF-8"?>
<testsuite name="FileParserTest" tests="5" skipped="0" failures="0" errors="0" timestamp="2023-10-02T09:05:33" hostname="MYLESLAPTOP" time="0.21">
  <properties/>
  <testcase name="TestRestart" classname="FileParserTest" time="0.065"/>
  <testcase name="ReadSingleStringFromFile" classname="FileParserTest" time="0.016"/>
  <testcase name="ReadMultipleStringFromFile" classname="FileParserTest" time="0.053"/>
  <testcase name="AddMultipleStrings" classname="FileParserTest" time="0.056"/>
  <testcase name="AddString" classname="FileParserTest" time="0.02"/>
  <system-out><![CDATA[]]></system-out>
  <system-err><![CDATA[]]></system-err>
</testsuite>
