<?xml version="1.0" encoding="UTF-8"?>
<testsuite name="ContentServerTest" tests="3" skipped="0" failures="0" errors="0" timestamp="2023-09-28T08:42:38" hostname="MYLESLAPTOP" time="3.86">
  <properties/>
  <testcase name="MultipleStrings" classname="ContentServerTest" time="1.114"/>
  <testcase name="MultipleInts" classname="ContentServerTest" time="1.62"/>
  <testcase name="SendName" classname="ContentServerTest" time="1.126"/>
  <system-out><![CDATA[]]></system-out>
  <system-err><![CDATA[]]></system-err>
</testsuite>
