<?xml version="1.0" encoding="UTF-8"?>
<testsuite name="IntegrationTest" tests="4" skipped="0" failures="0" errors="0" timestamp="2023-10-02T09:05:33" hostname="MYLESLAPTOP" time="2.554">
  <properties/>
  <testcase name="SendOneData" classname="IntegrationTest" time="0.551"/>
  <testcase name="SendAllFields" classname="IntegrationTest" time="0.501"/>
  <testcase name="MultipleContentMultipleClients" classname="IntegrationTest" time="0.988"/>
  <testcase name="MultipleClients" classname="IntegrationTest" time="0.514"/>
  <system-out><![CDATA[Server is listening on port 5001
New client connected
New request: PUT
Added content server data to file
New client connected
New request: GET
Server is listening on port 5002
New client connected
New request: PUT
Added content server data to file
New client connected
New request: GET
Server is listening on port 5004
New client connected
New request: PUT
New client connected
Added content server data to file
New request: PUT
New client connected
Added content server data to file
New request: PUT
New client connected
New request: GET
Added content server data to file
New client connected
New request: GET
New client connected
New request: GET
Server is listening on port 5003
New client connected
New request: PUT
New client connected
New request: GET
Added content server data to file
New client connected
New request: GET
New client connected
New request: GET
]]></system-out>
  <system-err><![CDATA[]]></system-err>
</testsuite>
