<?xml version="1.0" encoding="UTF-8"?>
<testsuite name="ContentServerTest" tests="3" skipped="0" failures="0" errors="0" timestamp="2023-10-11T09:21:25" hostname="MYLESLAPTOP" time="5.254">
  <properties/>
  <testcase name="MultipleStrings" classname="ContentServerTest" time="1.756"/>
  <testcase name="NoID" classname="ContentServerTest" time="1.692"/>
  <testcase name="IdAndNameOnly" classname="ContentServerTest" time="1.805"/>
  <system-out><![CDATA[No ID in this data
java.lang.Exception: No ID in data
Content server closing
]]></system-out>
  <system-err><![CDATA[]]></system-err>
</testsuite>
