<?xml version="1.0" encoding="UTF-8"?>
<testsuite name="FileParserTest" tests="5" skipped="0" failures="0" errors="0" timestamp="2023-10-02T08:44:30" hostname="MYLESLAPTOP" time="0.214">
  <properties/>
  <testcase name="TestRestart" classname="FileParserTest" time="0.063"/>
  <testcase name="ReadSingleStringFromFile" classname="FileParserTest" time="0.032"/>
  <testcase name="ReadMultipleStringFromFile" classname="FileParserTest" time="0.052"/>
  <testcase name="AddMultipleStrings" classname="FileParserTest" time="0.046"/>
  <testcase name="AddString" classname="FileParserTest" time="0.02"/>
  <system-out><![CDATA[]]></system-out>
  <system-err><![CDATA[]]></system-err>
</testsuite>
