<?xml version="1.0" encoding="UTF-8"?>
<testsuite name="test.ServerTest" tests="5" skipped="0" failures="0" errors="0" timestamp="2023-10-31T22:38:34" hostname="MYLESLAPTOP" time="4.803">
  <properties/>
  <testcase name="TwoClientsCanCommunicateWell" classname="test.ServerTest" time="0.703"/>
  <testcase name="TwoClientsSuccessfullyJoin" classname="test.ServerTest" time="0.515"/>
  <testcase name="ClientJoinsSuccessfully" classname="test.ServerTest" time="1.523"/>
  <testcase name="DuplicateId" classname="test.ServerTest" time="0.546"/>
  <testcase name="TwoClientsCanMessage" classname="test.ServerTest" time="1.515"/>
  <system-out><![CDATA[Using input port
Server is listening on port 1254
New client connected
Reading client message -1
New client connected
Reading client message -1
Reading client message 1
Passing message from 1 to 2
Reading client message 2
Passing message from 2 to 1
Reading client message 1
Passing message from 1 to 2
Using input port
Server is listening on port 1255
New client connected
Reading client message -1
New client connected
Reading client message -1
Error in server thread: Duplicate client connected
Using input port
Server is listening on port 1256
New client connected
Reading client message -1
Received replies from 0 other members
Failed prepare, will retry with higher ID - 2
Received replies from 0 other members
Failed prepare, will retry with higher ID - 3
Using input port
Server is listening on port 1257
New client connected
Reading client message -1
New client connected
Reading client message -1
Error in server thread: Duplicate client connected
Using input port
Server is listening on port 1258
New client connected
Reading client message -1
New client connected
Reading client message -1
Reading client message 1
Passing message from 1 to 2
Received replies from 0 other members
Failed prepare, will retry with higher ID - 4
Received replies from 0 other members
Failed prepare, will retry with higher ID - 5
]]></system-out>
  <system-err><![CDATA[java.lang.Exception: Duplicate client connected
	at paxos.ServerThread.run(ServerThread.java:92)
	at java.lang.Thread.run(Thread.java:750)
java.lang.Exception: Duplicate client connected
	at paxos.ServerThread.run(ServerThread.java:92)
	at java.lang.Thread.run(Thread.java:750)
]]></system-err>
</testsuite>
