<?xml version="1.0" encoding="UTF-8"?>
<testsuite name="json.JsonParserTest" tests="7" skipped="0" failures="0" errors="0" timestamp="2023-10-23T01:35:33" hostname="MYLESLAPTOP" time="0.003">
  <properties/>
  <testcase name="ReadFromNestedObject" classname="json.JsonParserTest" time="0.001"/>
  <testcase name="NameAndId" classname="json.JsonParserTest" time="0.001"/>
  <testcase name="wholeTest" classname="json.JsonParserTest" time="0.0"/>
  <testcase name="StringAndInt" classname="json.JsonParserTest" time="0.0"/>
  <testcase name="NegativeInts" classname="json.JsonParserTest" time="0.0"/>
  <testcase name="nameOnly" classname="json.JsonParserTest" time="0.0"/>
  <testcase name="getJustName" classname="json.JsonParserTest" time="0.001"/>
  <system-out><![CDATA[]]></system-out>
  <system-err><![CDATA[]]></system-err>
</testsuite>
