<?xml version="1.0" encoding="UTF-8"?>
<testsuite name="ContentServerTest" tests="4" skipped="0" failures="0" errors="0" timestamp="2023-10-02T09:05:26" hostname="MYLESLAPTOP" time="6.529">
  <properties/>
  <testcase name="IdOnly" classname="ContentServerTest" time="1.633"/>
  <testcase name="MultipleStrings" classname="ContentServerTest" time="1.636"/>
  <testcase name="NoID" classname="ContentServerTest" time="1.631"/>
  <testcase name="MultipleInts" classname="ContentServerTest" time="1.627"/>
  <system-out><![CDATA[No ID in this data
]]></system-out>
  <system-err><![CDATA[]]></system-err>
</testsuite>
