<?xml version="1.0" encoding="UTF-8"?>
<testsuite name="ClientTest" tests="3" skipped="0" failures="0" errors="0" timestamp="2023-09-13T03:50:14" hostname="MYLESLAPTOP" time="3.043">
  <properties/>
  <testcase name="connectAndRequest" classname="ClientTest" time="1.014"/>
  <testcase name="connect" classname="ClientTest" time="1.507"/>
  <testcase name="messageAndResponse" classname="ClientTest" time="0.52"/>
  <system-out><![CDATA[good job sending GET request!
]]></system-out>
  <system-err><![CDATA[]]></system-err>
</testsuite>
