<?xml version="1.0" encoding="UTF-8"?>
<testsuite name="ClientTest" tests="3" skipped="0" failures="0" errors="0" timestamp="2023-09-28T08:42:35" hostname="MYLESLAPTOP" time="2.521">
  <properties/>
  <testcase name="connectAndRequest" classname="ClientTest" time="1.007"/>
  <testcase name="connect" classname="ClientTest" time="1.004"/>
  <testcase name="messageAndResponse" classname="ClientTest" time="0.51"/>
  <system-out><![CDATA[]]></system-out>
  <system-err><![CDATA[]]></system-err>
</testsuite>
