<?xml version="1.0" encoding="UTF-8"?>
<testsuite name="ClientTest" tests="3" skipped="0" failures="0" errors="0" timestamp="2023-09-26T23:47:37" hostname="MYLESLAPTOP" time="3.624">
  <properties/>
  <testcase name="connectAndRequest" classname="ClientTest" time="1.529"/>
  <testcase name="connect" classname="ClientTest" time="1.564"/>
  <testcase name="messageAndResponse" classname="ClientTest" time="0.531"/>
  <system-out><![CDATA[]]></system-out>
  <system-err><![CDATA[]]></system-err>
</testsuite>
