<?xml version="1.0" encoding="UTF-8"?>
<testsuite name="json.LamportClockTest" tests="2" skipped="0" failures="0" errors="0" timestamp="2023-10-11T09:44:20" hostname="MYLESLAPTOP" time="0.665">
  <properties/>
  <testcase name="CorrectTimeForConnectionOrder" classname="json.LamportClockTest" time="0.395"/>
  <testcase name="OneClientOneServer" classname="json.LamportClockTest" time="0.27"/>
  <system-out><![CDATA[Server is listening on port 6001
New client connected
New request: GET
New client connected
New request: GET
New client connected
New request: GET
Server is listening on port 6002
New client connected
New client connected
New request: GET
New request: PUT
Added content server data to file
]]></system-out>
  <system-err><![CDATA[]]></system-err>
</testsuite>
