<?xml version="1.0" encoding="UTF-8"?>
<testsuite name="test.ServerTest" tests="5" skipped="0" failures="0" errors="0" timestamp="2023-11-08T03:35:36" hostname="MYLESLAPTOP" time="4.956">
  <properties/>
  <testcase name="TwoClientsCanCommunicateWell" classname="test.ServerTest" time="0.304"/>
  <testcase name="TwoClientsSuccessfullyJoin" classname="test.ServerTest" time="0.767"/>
  <testcase name="ClientJoinsSuccessfully" classname="test.ServerTest" time="1.553"/>
  <testcase name="DuplicateId" classname="test.ServerTest" time="0.662"/>
  <testcase name="TwoClientsCanMessage" classname="test.ServerTest" time="1.669"/>
  <system-out><![CDATA[Using input port
Server is listening on port 1254
New client connected
Setting up client with ID 1
New client connected
Setting up client with ID 2
Using input port
Server is listening on port 1255
New client connected
Setting up client with ID 1
New client connected
Error in server thread: Duplicate client connected
Using input port
Server is listening on port 1256
New client connected
Setting up client with ID 1
Using input port
Server is listening on port 1257
New client connected
Setting up client with ID 1
New client connected
Error in server thread: Duplicate client connected
Using input port
Server is listening on port 1258
New client connected
Setting up client with ID 1
New client connected
Setting up client with ID 2
]]></system-out>
  <system-err><![CDATA[java.lang.Exception: Duplicate client connected
	at paxos.ServerThread.run(ServerThread.java:91)
	at java.lang.Thread.run(Thread.java:750)
java.lang.Exception: Duplicate client connected
	at paxos.ServerThread.run(ServerThread.java:91)
	at java.lang.Thread.run(Thread.java:750)
]]></system-err>
</testsuite>
