<?xml version="1.0" encoding="UTF-8"?>
<testsuite name="SingleClientTest" tests="4" skipped="0" failures="0" errors="0" timestamp="2023-07-29T13:07:24" hostname="MYLESLAPTOP" time="0.009">
  <properties/>
  <testcase name="emptiness" classname="SingleClientTest" time="0.003"/>
  <testcase name="pushAndPop2" classname="SingleClientTest" time="0.002"/>
  <testcase name="gcdPositives" classname="SingleClientTest" time="0.002"/>
  <testcase name="pushAndPop" classname="SingleClientTest" time="0.002"/>
  <system-out><![CDATA[]]></system-out>
  <system-err><![CDATA[]]></system-err>
</testsuite>
