<?xml version="1.0" encoding="UTF-8"?>
<testsuite name="FileParserTest" tests="6" skipped="0" failures="0" errors="0" timestamp="2023-10-05T23:27:34" hostname="MYLESLAPTOP" time="0.617">
  <properties/>
  <testcase name="SkipsOldData" classname="FileParserTest" time="0.124"/>
  <testcase name="TestRestart" classname="FileParserTest" time="0.125"/>
  <testcase name="ReadSingleStringFromFile" classname="FileParserTest" time="0.032"/>
  <testcase name="ReadMultipleStringFromFile" classname="FileParserTest" time="0.15"/>
  <testcase name="AddMultipleStrings" classname="FileParserTest" time="0.111"/>
  <testcase name="AddString" classname="FileParserTest" time="0.016"/>
  <system-out><![CDATA[Exception reading Json: java.lang.Exception: Json doesn't end with specified char
]]></system-out>
  <system-err><![CDATA[]]></system-err>
</testsuite>
