<?xml version="1.0" encoding="UTF-8"?>
<testsuite name="ClientTest" tests="4" skipped="0" failures="0" errors="0" timestamp="2023-10-02T09:05:22" hostname="MYLESLAPTOP" time="3.991">
  <properties/>
  <testcase name="RetryConnection" classname="ClientTest" time="1.32"/>
  <testcase name="connectAndRequest" classname="ClientTest" time="1.539"/>
  <testcase name="connect" classname="ClientTest" time="0.619"/>
  <testcase name="messageAndResponse" classname="ClientTest" time="0.513"/>
  <system-out><![CDATA[ 
]]></system-out>
  <system-err><![CDATA[]]></system-err>
</testsuite>
