<?xml version="1.0" encoding="UTF-8"?>
<testsuite name="ServerTest" tests="5" skipped="0" failures="0" errors="0" timestamp="2023-10-14T22:39:31" hostname="MYLESLAPTOP" time="3.29">
  <properties/>
  <testcase name="TwoClientsCanCommunicateWell" classname="ServerTest" time="0.181"/>
  <testcase name="TwoClientsSuccessfullyJoin" classname="ServerTest" time="0.519"/>
  <testcase name="ClientJoinsSuccessfully" classname="ServerTest" time="1.512"/>
  <testcase name="DuplicateId" classname="ServerTest" time="0.51"/>
  <testcase name="TwoClientsCanMessage" classname="ServerTest" time="0.567"/>
  <system-out><![CDATA[Using input port
Server is listening on port 1254
New client connected
New client connected
Server thread starting to handle client with ID: 1
Server thread starting to handle client with ID: 2
Using input port
Server is listening on port 1255
New client connected
New client connected
Server thread starting to handle client with ID: 1
Using input port
Server is listening on port 1256
New client connected
Server thread starting to handle client with ID: 1
Using input port
Server is listening on port 1257
New client connected
New client connected
Server thread starting to handle client with ID: 1
Using input port
Server is listening on port 1258
New client connected
Server thread starting to handle client with ID: 1
New client connected
Server thread starting to handle client with ID: 2
]]></system-out>
  <system-err><![CDATA[]]></system-err>
</testsuite>
