<?xml version="1.0" encoding="UTF-8"?>
<testsuite name="test.PaxosClientTest" tests="1" skipped="0" failures="0" errors="0" timestamp="2023-11-01T04:37:23" hostname="MYLESLAPTOP" time="1.999">
  <properties/>
  <testcase name="PrepareSucceedsProposerProposes" classname="test.PaxosClientTest" time="1.999"/>
  <system-out><![CDATA[Starting to accept client connections
Accepting new client
Setting up client with ID 1
Acting as proposer
Handling not connected
Handling not connected
Handling not connected
Handling not connected
Handling not connected
Handling not connected
Handling not connected
Received replies from 2 other members
[-s 1; -r 1; -v hi; -t Propose; -i 1;, -s 1; -r 2; -v hi; -t Propose; -i 1;]
]]></system-out>
  <system-err><![CDATA[]]></system-err>
</testsuite>
