<?xml version="1.0" encoding="UTF-8"?>
<testsuite name="json.LamportClockTest" tests="2" skipped="0" failures="0" errors="0" timestamp="2023-10-02T08:44:33" hostname="MYLESLAPTOP" time="0.7">
  <properties/>
  <testcase name="CorrectTimeForConnectionOrder" classname="json.LamportClockTest" time="0.316"/>
  <testcase name="OneClientOneServer" classname="json.LamportClockTest" time="0.384"/>
  <system-out><![CDATA[Server is listening on port 6001
New client connected
New client connected
New client connected
Server is listening on port 6002
New client connected
New client connected
New request: PUT
New request: GET
Added content server data to file
]]></system-out>
  <system-err><![CDATA[]]></system-err>
</testsuite>
