<?xml version="1.0" encoding="UTF-8"?>
<testsuite name="FileParserTest" tests="6" skipped="0" failures="0" errors="0" timestamp="2023-10-23T01:35:23" hostname="MYLESLAPTOP" time="0.607">
  <properties/>
  <testcase name="SkipsOldData" classname="FileParserTest" time="0.144"/>
  <testcase name="TestRestart" classname="FileParserTest" time="0.155"/>
  <testcase name="ReadSingleStringFromFile" classname="FileParserTest" time="0.046"/>
  <testcase name="ReadMultipleStringFromFile" classname="FileParserTest" time="0.148"/>
  <testcase name="AddMultipleStrings" classname="FileParserTest" time="0.075"/>
  <testcase name="AddString" classname="FileParserTest" time="0.036"/>
  <system-out><![CDATA[Exception reading Json: java.lang.Exception: Json doesn't end with specified char
]]></system-out>
  <system-err><![CDATA[]]></system-err>
</testsuite>
