<?xml version="1.0" encoding="UTF-8"?>
<testsuite name="IntegrationTest" tests="6" skipped="0" failures="0" errors="0" timestamp="2023-10-11T09:44:33" hostname="MYLESLAPTOP" time="10.008">
  <properties/>
  <testcase name="ContentServerSendsSameContent" classname="IntegrationTest" time="1.726"/>
  <testcase name="ServerRestartRetainsData" classname="IntegrationTest" time="1.597"/>
  <testcase name="SendOneData" classname="IntegrationTest" time="1.107"/>
  <testcase name="SendAllFields" classname="IntegrationTest" time="1.047"/>
  <testcase name="MultipleContentMultipleClients" classname="IntegrationTest" time="2.681"/>
  <testcase name="MultipleClients" classname="IntegrationTest" time="1.85"/>
  <system-out><![CDATA[Server is listening on port 5005
New client connected
New request: GET
New request: PUT
Added content server data to file
New client connected
New request: GET
New request: PUT
Added content server data to file
New client connected
New request: GET
New request: PUT
Added content server data to file
New client connected
New request: GET
New request: GET
Server is listening on port 5006
New client connected
New request: GET
New request: PUT
Added content server data to file
New client connected
New request: GET
New request: GET
Server is listening on port 5007
New client connected
New request: GET
New request: GET
Server is listening on port 5001
New client connected
New request: GET
New request: PUT
Added content server data to file
New client connected
New request: GET
New request: GET
Server is listening on port 5002
New client connected
New request: GET
New request: PUT
Added content server data to file
New client connected
New request: GET
New request: GET
Server is listening on port 5004
New client connected
New request: GET
New request: PUT
Added content server data to file
New client connected
New request: GET
New request: PUT
Added content server data to file
New client connected
New request: GET
New request: PUT
Added content server data to file
New client connected
New request: GET
New request: GET
New client connected
New request: GET
New request: GET
New client connected
New request: GET
New request: GET
Server is listening on port 5003
New client connected
New request: GET
New request: PUT
Added content server data to file
New client connected
New request: GET
New request: GET
New client connected
New request: GET
New request: GET
New client connected
New request: GET
New request: GET
]]></system-out>
  <system-err><![CDATA[]]></system-err>
</testsuite>
