<?xml version="1.0" encoding="UTF-8"?>
<testsuite name="test.PaxosClientTest" tests="1" skipped="0" failures="0" errors="0" timestamp="2023-10-30T04:44:19" hostname="MYLESLAPTOP" time="0.01">
  <properties/>
  <testcase name="ClientJoinsSuccessfully" classname="test.PaxosClientTest" time="0.01"/>
  <system-out><![CDATA[Starting to accept client connections
Accepting new client
]]></system-out>
  <system-err><![CDATA[]]></system-err>
</testsuite>
