<?xml version="1.0" encoding="UTF-8"?>
<testsuite name="FileParserTest" tests="6" skipped="0" failures="0" errors="0" timestamp="2023-10-04T07:23:56" hostname="MYLESLAPTOP" time="0.67">
  <properties/>
  <testcase name="SkipsOldData" classname="FileParserTest" time="0.23"/>
  <testcase name="TestRestart" classname="FileParserTest" time="0.114"/>
  <testcase name="ReadSingleStringFromFile" classname="FileParserTest" time="0.102"/>
  <testcase name="ReadMultipleStringFromFile" classname="FileParserTest" time="0.076"/>
  <testcase name="AddMultipleStrings" classname="FileParserTest" time="0.13"/>
  <testcase name="AddString" classname="FileParserTest" time="0.017"/>
  <system-out><![CDATA[Exception reading Json: java.lang.Exception: Json doesn't end with specified char
]]></system-out>
  <system-err><![CDATA[]]></system-err>
</testsuite>
