<?xml version="1.0" encoding="UTF-8"?>
<testsuite name="FileParserTest" tests="5" skipped="0" failures="0" errors="0" timestamp="2023-09-28T08:42:42" hostname="MYLESLAPTOP" time="0.153">
  <properties/>
  <testcase name="TestRestart" classname="FileParserTest" time="0.04"/>
  <testcase name="ReadSingleStringFromFile" classname="FileParserTest" time="0.012"/>
  <testcase name="ReadMultipleStringFromFile" classname="FileParserTest" time="0.041"/>
  <testcase name="AddMultipleStrings" classname="FileParserTest" time="0.047"/>
  <testcase name="AddString" classname="FileParserTest" time="0.012"/>
  <system-out><![CDATA[]]></system-out>
  <system-err><![CDATA[]]></system-err>
</testsuite>
